警告Lv1:CFLAG.CSV:13行目:一つ目の値を整数値に変換できません
,,,,,,,,,,
警告Lv1:CFLAG.CSV:17行目:一つ目の値を整数値に変換できません
,,,,,,,,,,
警告Lv1:CFLAG.CSV:22行目:一つ目の値を整数値に変換できません
,,,,,,,,,,
警告Lv1:CFLAG.CSV:23行目:一つ目の値を整数値に変換できません
,,,,,,,,,,
警告Lv1:CFLAG.CSV:25行目:一つ目の値を整数値に変換できません
,,,,,,,,,,
警告Lv1:CFLAG.CSV:27行目:一つ目の値を整数値に変換できません
,,,,,,,,,,
警告Lv1:CFLAG.CSV:34行目:一つ目の値を整数値に変換できません
,,,,,,,,,,
警告Lv1:CFLAG.CSV:37行目:一つ目の値を整数値に変換できません
,,,,,,,,,,
警告Lv1:CFLAG.CSV:39行目:一つ目の値を整数値に変換できません
,,,,,,,,,,
警告Lv1:CFLAG.CSV:42行目:一つ目の値を整数値に変換できません
,,,,,,,,,,
警告Lv1:CFLAG.CSV:45行目:一つ目の値を整数値に変換できません
,,,,,,,,,,
警告Lv1:CFLAG.CSV:48行目:一つ目の値を整数値に変換できません
,,,,,,,,,,
警告Lv1:CFLAG.CSV:53行目:一つ目の値を整数値に変換できません
,,,,,,,,,,
警告Lv1:CFLAG.CSV:54行目:一つ目の値を整数値に変換できません
,,,,,,,,,,
警告Lv1:CFLAG.CSV:55行目:一つ目の値を整数値に変換できません
,,,,,,,,,,
警告Lv1:CFLAG.CSV:57行目:一つ目の値を整数値に変換できません
,,,,,,,,,,
警告Lv1:CFLAG.CSV:61行目:一つ目の値を整数値に変換できません
,,,,,,,,,,
警告Lv1:CFLAG.CSV:64行目:一つ目の値を整数値に変換できません
,,,,,,,,,,
警告Lv1:CFLAG.CSV:65行目:一つ目の値を整数値に変換できません
,,,,,,,,,,
警告Lv1:CFLAG.CSV:77行目:一つ目の値を整数値に変換できません
,,,,,,,,,,
警告Lv1:CFLAG.CSV:80行目:一つ目の値を整数値に変換できません
,,,,,,,,,,
警告Lv1:CFLAG.CSV:86行目:一つ目の値を整数値に変換できません
,,,,,,,,,,
警告Lv1:CFLAG.CSV:87行目:一つ目の値を整数値に変換できません
,,,,,,,,,,
警告Lv1:CFLAG.CSV:88行目:一つ目の値を整数値に変換できません
,,,,,,,,,,
警告Lv1:CFLAG.CSV:109行目:一つ目の値を整数値に変換できません
,,,,,,,,,,
警告Lv1:CFLAG.CSV:118行目:一つ目の値を整数値に変換できません
,,,,,,,,,,
警告Lv1:CFLAG.CSV:125行目:一つ目の値を整数値に変換できません
,,,,,,,,,,
警告Lv1:CFLAG.CSV:127行目:一つ目の値を整数値に変換できません
,,,,,,,,,,
警告Lv1:CFLAG.CSV:130行目:一つ目の値を整数値に変換できません
,,,,,,,,,,
警告Lv1:CFLAG.CSV:134行目:一つ目の値を整数値に変換できません
,,,,,,,,,,
警告Lv1:CFLAG.CSV:139行目:一つ目の値を整数値に変換できません
,,,,,,,,,,
警告Lv1:CFLAG.CSV:142行目:一つ目の値を整数値に変換できません
,,,,,,,,,,
警告Lv1:CFLAG.CSV:143行目:一つ目の値を整数値に変換できません
,,,,,,,,,,
警告Lv1:CFLAG.CSV:144行目:一つ目の値を整数値に変換できません
,,,,,,,,,,
警告Lv1:CFLAG.CSV:148行目:一つ目の値を整数値に変換できません
,,,,,,,,,,
警告Lv1:CFLAG.CSV:151行目:一つ目の値を整数値に変換できません
,,,,,,,,,,
警告Lv1:CFLAG.CSV:154行目:一つ目の値を整数値に変換できません
,,,,,,,,,,
警告Lv1:Chara4120 ディアナ・フルール.csv:70行目:"cstr.csv"の中に"등장작품"の定義がありません
CSTR,등장작품,バトルスピリッツ
警告Lv1:Chara4121 ノア・フルール.csv:69行目:"cstr.csv"の中に"등장작품"の定義がありません
CSTR,등장작품,バトルスピリッツ
警告Lv1:Chara4122 レイ・オーバ.csv:71行目:"cstr.csv"の中に"등장작품"の定義がありません
CSTR,등장작품,バトルスピリッツ
警告Lv1:Chara4123 ジャンヌ・ドラニエス.csv:73行目:"cstr.csv"の中に"등장작품"の定義がありません
CSTR,등장작품,バトルスピリッツ
警告Lv1:Chara4124 グリーフィア・ダルク.csv:72行目:"cstr.csv"の中に"등장작품"の定義がありません
CSTR,등장작품,バトルスピリッツ
警告Lv1:Chara4125 フォンニーナ.csv:68行目:"cstr.csv"の中に"등장작품"の定義がありません
CSTR,등장작품,バトルスピリッツ
警告Lv1:Chara4126 ゼクシア・テンマ.csv:75行目:"cstr.csv"の中に"등장작품"の定義がありません
CSTR,등장작품,バトルスピリッツ
警告Lv1:Chara4127 リアス・ウロヴォルン.csv:74行目:"cstr.csv"の中に"등장작품"の定義がありません
CSTR,등장작품,バトルスピリッツ
警告Lv1:CHARA\45.NONカード関連\46.アイドルマスター\02.シャイニーカラーズ\Chara4660_櫻木마노.csv:58行目:"cstr.csv"の中に"등장작품"の定義がありません
CSTR,등장작품,アイドルマスターシャイニーカラーズ
警告Lv1:CHARA\45.NONカード関連\46.アイドルマスター\02.シャイニーカラーズ\Chara4661_風野히오리.csv:58行目:"cstr.csv"の中に"등장작품"の定義がありません
CSTR,등장작품,アイドルマスターシャイニーカラーズ
警告Lv1:CHARA\45.NONカード関連\46.アイドルマスター\02.シャイニーカラーズ\Chara4662_八宮めぐる.csv:61行目:"cstr.csv"の中に"등장작품"の定義がありません
CSTR,등장작품,アイドルマスターシャイニーカラーズ
