# 環境情報
Emuera.NET 1.824+v22+EMv18+EEv53fix.4dcafa1991b612e626f971a0cd804b79daf65737

# バリアント
eraOCGⅡ 0.75

# ログ

숏 건 셔플은 카드를 아프게 한다구！
—————————————————————————————————————————————————————————————————————————————————————————————————————————————————————————————————————————————————————————
eraOCGⅡ
0.75
제작님：紅い人　개조：ジンバブエの亡霊＆OCG2開発Discord
2023
※이건 조교 SLG작성 툴erakanon의 개변・재배포입니다。
—————————————————————————————————————————————————————————————————————————————————————————————————————————————————————————————————————————————————————————
 
               [0] 처음부터 시작한다                              [1] 로드해서 시작한다                              [2] CSV에디터를 기동한다
 
—————————————————————————————————————————————————————————————————————————————————————————————————————————————————————————————————————————————————————————
1
—————————————————————————————————————————————————————————————————————————————————————————————————————————————————————————————————————————————————————————
불러오기 화면
—————————————————————————————————————————————————————————————————————————————————————————————————————————————————————————————————————————————————————————
[  0] ----
[  1] ----
[  2] ----
[  3] ----
[  4] ----
[  5] ----
[  6] ----
[  7] ----
[  8] ----
[  9] ----
[ 10] ----
[ 11] ----
[ 12] ----
[ 13] ----
[ 14] ----
[ 15] ----
[ 16] ----
[ 17] ----
[ 18] ----
[ 19] ----
—————————————————————————————————————————————————————————————————————————————————————————————————————————————————————————————————————————————————————————
[ 99] 2025-06-29 15:33:15　  1일째(월)　 당신 소지 카드 종류:24
—————————————————————————————————————————————————————————————————————————————————————————————————————————————————————————————————————————————————————————
[101] - 통상저장 영역                    [102] - 자동저장 영역
—————————————————————————————————————————————————————————————————————————————————————————————————————————————————————————————————————————————————————————
[100] - 돌아간다
99
—————————————————————————————————————————————————————————————————————————————————————————————————————————————————————————————————————————————————————————
—————————————————————————————————————————————————————————————————————————————————————————————————————————————————————————————————————————————————————————
TIPS！
—————————————————————————————————————————————————————————————————————————————————————————————————————————————————————————————————————————————————————————
메인 메뉴 선택사항：
[100] - 기상　　　　：게임을 시작합니다
[104] - 기상설정　　：일어나는 시간을 설정합니다
[105] - 범용 입구 관리: 캐릭터의 일반 입구 위를 설정합니다
[490] - 덱편집 : 듀얼에 사용하는 카드 덱 설정
[200] - SAVE　　　　：현재 상태를 저장할 수 있습니다（오토 세이브도 있습니다）
[300] - LOAD　　　　：세이브 데이터를 읽습니다
[400] - OPTION　　　：다양한 옵션을 관리합니다
—————————————————————————————————————————————————————————————————————————————————————————————————————————————————————————————————————————————————————————
1일 째(월)
—————————————————————————————————————————————————————————————————————————————————————————————————————————————————————————————————————————————————————————
【 체력 】▅▅▅▅▅▅▅▅▅▅▅▅▅▅▅▅▅▅▅▅▅▅▅▅▅▅▅▅▅▅ ( 2000/ 2000)   【소지금】(     30000円)
【 기력 】▅▅▅▅▅▅▅▅▅▅▅▅▅▅▅▅▅▅▅▅▅▅▅▅▅▅▅▅▅▅ ( 2000/ 2000)   【발기】▅▅▅▅▅▅▅▅▅▅▅▅▅▅▅▅▅▅▅▅▅▅▅▅▅▅▅▅▅▅ ( 1500/ 1500)
—————————————————————————————————————————————————————————————————————————————————————————————————————————————————————————————————————————————————————————
소지하고있는 보물：
　천년디스크　천년도어　천년스마트폰　천년마커　천년카메라
기타 정보：
——————————【메인메뉴】——————————————————————————————————————————————————————————————————————————————————————
     [100] - 기상                            [101] - 기상설정                        [102] - 덱편집                           
     [103] - 능력표시                        [104] - 통신판매                        [105] - 범용구상관리                    
     
     [110] - 실적관리                        
——————————【시스템 메뉴】————————————————————————————————————————————————————————————————————————————————————
     [200] - SAVE                            [300] - LOAD                            [400] - OPTION                          
—————————————————————————————————————————————————————————————————————————————————————————————————————————————————————————————————————————————————————————
 
102
――――――――――――――――――――――――――――――――――――――――――――――――――――――――――――――――――――――――――――
　덱 선택
――――――――――――――――――――――――――――――――――――――――――――――――――――――――――――――――――――――――――――
[0 ] - 【마이덱( 0)】[ 대표카드 ]　[티루루            ]　[후르스            ]　[무한포영          ]	
[1 ] - 【마이덱( 1)】[듀얼사용불가]
[2 ] - 【마이덱( 2)】[듀얼사용불가]
[3 ] - 【마이덱( 3)】[듀얼사용불가]
[4 ] - 【마이덱( 4)】[듀얼사용불가]
[5 ] - 【마이덱( 5)】[듀얼사용불가]
[6 ] - 【마이덱( 6)】[듀얼사용불가]
[7 ] - 【마이덱( 7)】[듀얼사용불가]
[8 ] - 【마이덱( 8)】[듀얼사용불가]
[9 ] - 【마이덱( 9)】[듀얼사용불가]
[10] - 【마이덱(10)】[듀얼사용불가]
[11] - 【마이덱(11)】[듀얼사용불가]
[12] - 【마이덱(12)】[듀얼사용불가]
[13] - 【마이덱(13)】[듀얼사용불가]
[14] - 【마이덱(14)】[듀얼사용불가]
[15] - 【마이덱(15)】[듀얼사용불가]
[16] - 【마이덱(16)】[듀얼사용불가]
[17] - 【마이덱(17)】[듀얼사용불가]
[18] - 【마이덱(18)】[듀얼사용불가]
[19] - 【마이덱(19)】[듀얼사용불가]
PAGES（ 1/ 3）―――――――――――――――――――――――――――――――――――――――――――――――――――――――――――――――――――――
[ ◁◁ ]                                                                                          [ ▷▷ ]
――――――――――――――――――――――――――――――――――――――――――――――――――――――――――――――――――――――――――――
 
[9999] - 돌아간다
0
—————————————————————————————————————————————————————————————————————————————————————————————————————————————————————————————————————————————————————————
――――――//////――――――――――――――――――――――////// 검색중 //////――――――――――――――――――――――――//////――――――
SEARCHING FOR CARDS...SEARCHING FOR CARDS...SEARCHING FOR CARDS...SEARCHING FOR CARDS...SEARCHING FOR CARDS...SEARCHING FOR CARDS...SEARCHING FOR CA
검　색　중
SEARCHING FOR CARDS...SEARCHING FOR CARDS...SEARCHING FOR CARDS...SEARCHING FOR CARDS...SEARCHING FOR CARDS...SEARCHING FOR CARDS...SEARCHING FOR CA
――――――//////――――――――――――――――――――――////// 검색중 //////――――――――――――――――――――――――//////――――――
—————————————————————————————————————————————————————————————————————————————————————————————————————————————————————————————————————————————————————————
—————————————————————————————————————————————————————————————————————————————————————————————————————————————————————————————————————————————————————————
TIPS！
—————————————————————————————————————————————————————————————————————————————————————————————————————————————————————————————————————————————————————————
왼쪽 테두리에는 카드 정보, 중간 테두리에는 덱, 오른쪽 테두리에 컬렉션이 표시됩니다.
・덱 측에서 카드명을 두 번 클릭하면 덱에서 카드를 뺄 수 있고,
　반대로 컬렉션 측의 카드명을 두 번 클릭하면 카드를 추가할 수 있습니다。
　（왼쪽 테두리의 카드 제거, 추가로 동일한 조작도 가능）
 
・메인과 EX덱 전환은 "■ 메인/[EX]"로 할 수 있습니다。
 
・키워드 검색, 검색 필터 등을 사용하면 카드를 좁힐 수 있습니다。
　（예를 들면 「파괴」를 포함한 카드를 검색하고 싶은 경우는 검색 박스에 「파괴」라고 입력한다）
　작성 후에는 저장을 덱 쪽의 [보존] 버튼을 누르거나 왼쪽 하단의 저장 후 완료를 눌러주세요
（편집을 저장하고 싶지 않으면【완료】버튼을）
 
・대표 설정으로, 비장의 카드·에이스·아이돌로 하고 싶은 카드를 설정할 수 있습니다。
　이 카드들은 소환·특수 소환 시 연출이 들어가는 것 외에도 덱 선택 화면에서 대표로 표시됩니다。
 
・덱 이름은 카드 정보 위의 [✎] 마크를 클릭하면 변경할 수 있습니다。
 
・카드는 듀얼로 얻을 수 있는 (DP) 를 소비하는 것으로 생성 가능합니다。
　오른쪽 위의［미소지 카드 표시］버튼을 누르는 것으로 미소지 카드를 표시할 수 있습니다。
—————————————————————————————————————————————————————————————————————————————————————————————————————————————————————————————————————————————————————————
소지 카드 종류:24
――――――――――――――――――――――――――――――――――――――――――――――――――――――――――――――――――――――――――――
＿＿＿＿＿＿＿＿＿＿＿＿＿＿＿＿＿＿＿＿＿＿＿＿＿＿＿＿＿＿＿＿＿＿＿＿＿＿＿＿＿＿＿＿＿＿＿＿＿＿＿＿＿＿＿＿＿＿＿＿＿＿＿＿＿＿＿＿＿＿＿＿＿＿＿＿
【마이덱 No.0         】[✎]　          |■  메인   (30/30)　     |　|■ 컬렉션                        [ NEW CARD ]  [UR GROUP]【-미소지 카드 표시-】|　|
■ 카드 정보　　　　　　　　　　　　　　|    ／■ [ＥＸ]   ( 5/15)|　| 키워드 검색　 【                    】[x]  【검색 필터】   [x]  【　정렬　】  |　|
                                        |                         |　|                                                                               |　|
                                        |[ 1]　티루루             |　|티루루          [x 3]　　　파루라          [x 3]　　　체임            [x 2]　　|　|
                                        |[ 2]　티루루             |　|너서리          [x 1]　　　라도리          [x 1]　　　플란메          [x 1]　　|　|
                                        |[ 3]　티루루             |　|루프트          [x 1]　　　슈테른          [x 1]　　　에르데          [x 1]　　|　|
                                      		|[ 4]　파루라             |－|후르스          [x 1]　　　드메 전환       [x 3]　　　드메 환대       [x 2]　　|－|
                                        |[ 5]　파루라             |△|드메 마중       [x 1]　　　번개            [x 1]　　　해피의 깃털     [x 1](제)|△|
――――――――――――――――――――|[ 6]　파루라             |△|욕탐의 항아리   [x 1](제)　융합            [x 1]　　　드메 정리정돈   [x 3]　　|△|
                                        |[ 7]　체임               |－|드메 릴랙제이션 [x 1]　　　무한포영        [x 1]　　　                [x 0]　　|－|
                                        |[ 8]　체임               |　|                [x 0]　　　                [x 0]　　　                [x 0]　　|　|
                                        |[ 9]　너서리             |　|                [x 0]　　　                [x 0]　　　                [x 0]　　|　|
                                        |[10]　라도리             |　|                [x 0]　　　                [x 0]　　　                [x 0]　　|　|
                                        |[11]　플란메             |　|                [x 0]　　　                [x 0]　　　                [x 0]　　|　|
                                        |[12]　루프트             |　|                [x 0]　　　                [x 0]　　　                [x 0]　　|　|
――――――――――――――――――――|[13]　슈테른             |　|                [x 0]　　　                [x 0]　　　                [x 0]　　|　|
                                        |[14]　에르데             |　|                [x 0]　　　                [x 0]　　　                [x 0]　　|　|
                                        |[15]　후르스             |　|                [x 0]　　　                [x 0]　　　                [x 0]　　|　|
――――――――――――――――――――|[16]　드메 전환          |　|                [x 0]　　　                [x 0]　　　                [x 0]　　|　|
【소지DP】:30000                        |[17]　드메 전환          |　|                [x 0]　　　                [x 0]　　　                [x 0]　　|　|
                                        |[18]　드메 전환          |　|                [x 0]　　　                [x 0]　　　                [x 0]　　|　|
【 일괄분해 】                          |[19]　드메 환대          |　|                [x 0]　　　                [x 0]　　　                [x 0]　　|　|
――――――――――――――――――――|[20]　드메 환대          |　|                [x 0]　　　                [x 0]　　　                [x 0]　　|　|
■ 검색이력                             |[21]　드메 마중          |　|                [x 0]　　　                [x 0]　　　                [x 0]　　|　|
【                                    】|[22]　번개               |　|                [x 0]　　　                [x 0]　　　                [x 0]　　|　|
【                                    】|[23]　해피의 깃털        |　|                [x 0]　　　                [x 0]　　　                [x 0]　　|　|
【                                    】|[24]　욕탐의 항아리      |－|                [x 0]　　　                [x 0]　　　                [x 0]　　|－|
【                                    】|[25]　융합               |▽|                [x 0]　　　                [x 0]　　　                [x 0]　　|▽|
【                                    】|[26]　드메 정리정돈      |▽|                [x 0]　　　                [x 0]　　　                [x 0]　　|▽|
――――――――――――――――――――|[27]　드메 정리정돈      |－|                [x 0]　　　                [x 0]　　　                [x 0]　　|－|
                                        |[28]　드메 정리정돈      |　|                [x 0]　　　                [x 0]　　　                [x 0]　　|　|
                                        |[29]　드메 릴랙제이션    |　|                [x 0]　　　                [x 0]　　　                [x 0]　　|　|
                                        |[30]　무한포영           |　|                [x 0]　　　                [x 0]　　　                [x 0]　　|　|
￣￣￣￣￣￣￣￣￣￣￣￣￣￣￣￣￣￣￣￣￣￣￣￣￣￣￣￣￣￣￣￣￣￣￣￣￣￣￣￣￣￣￣￣￣￣￣￣￣￣￣￣￣￣￣￣￣￣￣￣￣￣￣￣￣￣￣￣￣￣￣￣￣￣￣￣
　【보존하고 완료】　【보존하지 않고 완료】　【덱 옵션】                                                               【개발용 커맨드】
――――――――――――――――――――――――――――――――――――――――――――――――――――――――――――――――――――――――――――
93000
—————————————————————————————————————————————————————————————————————————————————————————————————————————————————————————————————————————————————————————
필터 메뉴
—————————————————————————————————————————————————————————————————————————————————————————————————————————————————————————————————————————————————————————
 
――――카드종류――――
 
【　　 통상 　　】【　　 효과 　　】【　　 의식 　　】【　　 마법 　　】【　　 함정 　　】
【　　 융합 　　】【　  싱크로  　】【　  엑시즈  　】【　 ＬＩＮＫ 　】【　　초차원　　】
 
――――카드 속성――――
 
【　　빛속성　　】【　　어둠속성　　】【　　땅속성　　】【　　물속성　　】【　　화염속성　　】【　　바람속성　　】
 
――――카드종족――――
 
【　  마법사족  　】【　  드래곤족  　】【   언데드족 　】【　　전사족　　】
【　　 기계족 　　】【　　 야수족　　 】【　비행야수족　】【　비늘야수족　】
【　　 악마족 　　】【　　 천사족 　　】【　　곤충족　　】【　원소정령족　】
【　　 식물족 　　】【　  사이킥족  　】【　사이버스족　】【　바다생물족　】
【　　미확인족　　】
 
――――레벨/링크/랭크――――
 
【　１　】【　２　】【　３　】【　４　】【　５　】【　６　】
【　７　】【　８　】【　９　】【　10　】【　11　】【　12　】
 
――――분할카드종류――――
 
【　효과없음　】【　듀얼　】【　유니온　】【펜듈럼】【튜너】
――――레어리티――――
 
【ULR】【SPR】【 R 】【CMN】【ERA】
――――그 외――――
 
【성별：암】【성별：수】【성별：외】【화상：유】
 
――――카테고리 검색――――
【                   】
 
—————————————————————————————————————————————————————————————————————————————————————————————————————————————————————————————————————————————————————————
     【 리셋 】          【　　돌아간다　　】
—————————————————————————————————————————————————————————————————————————————————————————————————————————————————————————————————————————————————————————
343
—————————————————————————————————————————————————————————————————————————————————————————————————————————————————————————————————————————————————————————
필터 메뉴
—————————————————————————————————————————————————————————————————————————————————————————————————————————————————————————————————————————————————————————
 
――――카드종류――――
 
【　　 통상 　　】【　　 효과 　　】【　　 의식 　　】【　　 마법 　　】【　　 함정 　　】
【　　 융합 　　】【　  싱크로  　】【　  엑시즈  　】【　 ＬＩＮＫ 　】【　　초차원　　】
 
――――카드 속성――――
 
【　　빛속성　　】【　　어둠속성　　】【　　땅속성　　】【　　물속성　　】【　　화염속성　　】【　　바람속성　　】
 
――――카드종족――――
 
【　  마법사족  　】【　  드래곤족  　】【   언데드족 　】【　　전사족　　】
【　　 기계족 　　】【　　 야수족　　 】【　비행야수족　】【　비늘야수족　】
【　　 악마족 　　】【　　 천사족 　　】【　　곤충족　　】【　원소정령족　】
【　　 식물족 　　】【　  사이킥족  　】【　사이버스족　】【　바다생물족　】
【　　미확인족　　】
 
――――레벨/링크/랭크――――
 
【　１　】【　２　】【　３　】【　４　】【　５　】【　６　】
【　７　】【　８　】【　９　】【　10　】【　11　】【　12　】
 
――――분할카드종류――――
 
【　효과없음　】【　듀얼　】【　유니온　】【펜듈럼】【튜너】
――――레어리티――――
 
【ULR】【SPR】【 R 】【CMN】【ERA】
――――그 외――――
 
【성별：암】【성별：수】【성별：외】【화상：유】
 
――――카테고리 검색――――
【                   】
 
—————————————————————————————————————————————————————————————————————————————————————————————————————————————————————————————————————————————————————————
     【 리셋 】          【　　돌아간다　　】
—————————————————————————————————————————————————————————————————————————————————————————————————————————————————————————————————————————————————————————
202
—————————————————————————————————————————————————————————————————————————————————————————————————————————————————————————————————————————————————————————
필터 메뉴
—————————————————————————————————————————————————————————————————————————————————————————————————————————————————————————————————————————————————————————
 
――――카드종류――――
 
【　　 통상 　　】【　　 효과 　　】【　　 의식 　　】【　　 마법 　　】【　　 함정 　　】
【　　 융합 　　】【　  싱크로  　】【　  엑시즈  　】【　 ＬＩＮＫ 　】【　　초차원　　】
 
――――카드 속성――――
 
【　　빛속성　　】【　　어둠속성　　】【　　땅속성　　】【　　물속성　　】【　　화염속성　　】【　　바람속성　　】
 
――――카드종족――――
 
【　  마법사족  　】【　  드래곤족  　】【   언데드족 　】【　　전사족　　】
【　　 기계족 　　】【　　 야수족　　 】【　비행야수족　】【　비늘야수족　】
【　　 악마족 　　】【　　 천사족 　　】【　　곤충족　　】【　원소정령족　】
【　　 식물족 　　】【　  사이킥족  　】【　사이버스족　】【　바다생물족　】
【　　미확인족　　】
 
――――레벨/링크/랭크――――
 
【　１　】【　２　】【　３　】【　４　】【　５　】【　６　】
【　７　】【　８　】【　９　】【　10　】【　11　】【　12　】
 
――――분할카드종류――――
 
【　효과없음　】【　듀얼　】【　유니온　】【펜듈럼】【튜너】
――――레어리티――――
 
【ULR】【SPR】【 R 】【CMN】【ERA】
――――그 외――――
 
【성별：암】【성별：수】【성별：외】【화상：유】
 
――――카테고리 검색――――
【                   】
 
—————————————————————————————————————————————————————————————————————————————————————————————————————————————————————————————————————————————————————————
     【 리셋 】          【　　돌아간다　　】
—————————————————————————————————————————————————————————————————————————————————————————————————————————————————————————————————————————————————————————
9999
—————————————————————————————————————————————————————————————————————————————————————————————————————————————————————————————————————————————————————————
――――――//////――――――――――――――――――――――////// 검색중 //////――――――――――――――――――――――――//////――――――
10.デュエル関連\02.CARDS\20.部外者カテゴリ（他カードゲーム関連）\02.デュエマ関連\57.サムライ\35619_次元の竜装 ザンゲキ・マッハアーマー.ERBの52行目でエラーが発生しました:Emuera.NET 1.824+v22+EMv18+EEv53fix.4dcafa1991b612e626f971a0cd804b79daf65737
		RETURN 크로스기어
エラー内容："크로스기어"は解釈できない識別子です
現在の関数：@CARD_35619（10.デュエル関連\02.CARDS\20.部外者カテゴリ（他カードゲーム関連）\02.デュエマ関連\57.サムライ\35619_次元の竜装 ザンゲキ・マッハアーマー.ERBの25行目）
関数呼び出しスタック：
10.デュエル関連\03.デッキ編集\99.DECK_ETC.ERBの1577行目（関数@DECK_FILTER内）
10.デュエル関連\03.デッキ編集\99.DECK_ETC.ERBの695行目（関数@COLLECTION_LOAD内）
10.デュエル関連\03.デッキ編集\01.DUEL_DECK.ERBの70行目（関数@EDIT_DECK_EX内）
01.SHOP関連\SHOP.ERBの123行目（関数@USERSHOP内）
